2012/10/23 18:09:11 [error] [exception.CHttpException.404] exception 'CHttpException' with message 'Unable to resolve the request "fancybox/fancy_shadow_e.png".' in E:\apache\htdocs\freephoto\framework\web\CWebApplication.php:281
Stack trace:
#0 E:\apache\htdocs\freephoto\framework\web\CWebApplication.php(136): CWebApplication->runController('fancybox/fancy_...')
#1 E:\apache\htdocs\freephoto\framework\base\CApplication.php(158): CWebApplication->processRequest()
#2 E:\apache\htdocs\freephoto\www.findlark.com\index-test.php(17): CApplication->run()
#3 {main} REQUEST_URI=/fancybox/fancy_shadow_e.png
2012/10/23 18:09:13 [error] [exception.CHttpException.404] exception 'CHttpException' with message 'Unable to resolve the request "fancybox/fancy_shadow_nw.png".' in E:\apache\htdocs\freephoto\framework\web\CWebApplication.php:281
Stack trace:
#0 E:\apache\htdocs\freephoto\framework\web\CWebApplication.php(136): CWebApplication->runController('fancybox/fancy_...')
#1 E:\apache\htdocs\freephoto\framework\base\CApplication.php(158): CWebApplication->processRequest()
#2 E:\apache\htdocs\freephoto\www.findlark.com\index-test.php(17): CApplication->run()
#3 {main} REQUEST_URI=/fancybox/fancy_shadow_nw.png
2012/10/23 18:09:13 [error] [exception.CHttpException.404] exception 'CHttpException' with message 'Unable to resolve the request "fancybox/fancy_shadow_n.png".' in E:\apache\htdocs\freephoto\framework\web\CWebApplication.php:281
Stack trace:
#0 E:\apache\htdocs\freephoto\framework\web\CWebApplication.php(136): CWebApplication->runController('fancybox/fancy_...')
#1 E:\apache\htdocs\freephoto\framework\base\CApplication.php(158): CWebApplication->processRequest()
#2 E:\apache\htdocs\freephoto\www.findlark.com\index-test.php(17): CApplication->run()
#3 {main} REQUEST_URI=/fancybox/fancy_shadow_n.png
2012/10/23 18:09:13 [error] [exception.CHttpException.404] exception 'CHttpException' with message 'Unable to resolve the request "fancybox/fancy_shadow_sw.png".' in E:\apache\htdocs\freephoto\framework\web\CWebApplication.php:281
Stack trace:
#0 E:\apache\htdocs\freephoto\framework\web\CWebApplication.php(136): CWebApplication->runController('fancybox/fancy_...')
#1 E:\apache\htdocs\freephoto\framework\base\CApplication.php(158): CWebApplication->processRequest()
#2 E:\apache\htdocs\freephoto\www.findlark.com\index-test.php(17): CApplication->run()
#3 {main} REQUEST_URI=/fancybox/fancy_shadow_sw.png
2012/10/23 18:09:13 [error] [exception.CHttpException.404] exception 'CHttpException' with message 'Unable to resolve the request "fancybox/fancy_shadow_s.png".' in E:\apache\htdocs\freephoto\framework\web\CWebApplication.php:281
Stack trace:
#0 E:\apache\htdocs\freephoto\framework\web\CWebApplication.php(136): CWebApplication->runController('fancybox/fancy_...')
#1 E:\apache\htdocs\freephoto\framework\base\CApplication.php(158): CWebApplication->processRequest()
#2 E:\apache\htdocs\freephoto\www.findlark.com\index-test.php(17): CApplication->run()
#3 {main} REQUEST_URI=/fancybox/fancy_shadow_s.png
2012/10/23 18:09:13 [error] [exception.CHttpException.404] exception 'CHttpException' with message 'Unable to resolve the request "fancybox/fancy_shadow_w.png".' in E:\apache\htdocs\freephoto\framework\web\CWebApplication.php:281
Stack trace:
#0 E:\apache\htdocs\freephoto\framework\web\CWebApplication.php(136): CWebApplication->runController('fancybox/fancy_...')
#1 E:\apache\htdocs\freephoto\framework\base\CApplication.php(158): CWebApplication->processRequest()
#2 E:\apache\htdocs\freephoto\www.findlark.com\index-test.php(17): CApplication->run()
#3 {main} REQUEST_URI=/fancybox/fancy_shadow_w.png
2012/10/23 18:09:13 [error] [exception.CHttpException.404] exception 'CHttpException' with message 'Unable to resolve the request "fancybox/fancy_shadow_ne.png".' in E:\apache\htdocs\freephoto\framework\web\CWebApplication.php:281
Stack trace:
#0 E:\apache\htdocs\freephoto\framework\web\CWebApplication.php(136): CWebApplication->runController('fancybox/fancy_...')
#1 E:\apache\htdocs\freephoto\framework\base\CApplication.php(158): CWebApplication->processRequest()
#2 E:\apache\htdocs\freephoto\www.findlark.com\index-test.php(17): CApplication->run()
#3 {main} REQUEST_URI=/fancybox/fancy_shadow_ne.png
2012/10/23 18:09:13 [error] [exception.CHttpException.404] exception 'CHttpException' with message 'Unable to resolve the request "fancybox/fancy_shadow_se.png".' in E:\apache\htdocs\freephoto\framework\web\CWebApplication.php:281
Stack trace:
#0 E:\apache\htdocs\freephoto\framework\web\CWebApplication.php(136): CWebApplication->runController('fancybox/fancy_...')
#1 E:\apache\htdocs\freephoto\framework\base\CApplication.php(158): CWebApplication->processRequest()
#2 E:\apache\htdocs\freephoto\www.findlark.com\index-test.php(17): CApplication->run()
#3 {main} REQUEST_URI=/fancybox/fancy_shadow_se.png
2012/10/23 18:09:13 [error] [exception.CHttpException.404] exception 'CHttpException' with message 'Unable to resolve the request "fancybox/fancy_shadow_e.png".' in E:\apache\htdocs\freephoto\framework\web\CWebApplication.php:281
Stack trace:
#0 E:\apache\htdocs\freephoto\framework\web\CWebApplication.php(136): CWebApplication->runController('fancybox/fancy_...')
#1 E:\apache\htdocs\freephoto\framework\base\CApplication.php(158): CWebApplication->processRequest()
#2 E:\apache\htdocs\freephoto\www.findlark.com\index-test.php(17): CApplication->run()
#3 {main} REQUEST_URI=/fancybox/fancy_shadow_e.png
2012/10/23 18:10:10 [error] [exception.CHttpException.404] exception 'CHttpException' with message 'Unable to resolve the request "fancybox/fancy_shadow_e.png".' in E:\apache\htdocs\freephoto\framework\web\CWebApplication.php:281
Stack trace:
#0 E:\apache\htdocs\freephoto\framework\web\CWebApplication.php(136): CWebApplication->runController('fancybox/fancy_...')
#1 E:\apache\htdocs\freephoto\framework\base\CApplication.php(158): CWebApplication->processRequest()
#2 E:\apache\htdocs\freephoto\www.findlark.com\index-test.php(17): CApplication->run()
#3 {main} REQUEST_URI=/fancybox/fancy_shadow_e.png
2012/10/23 18:10:10 [error] [exception.CHttpException.404] exception 'CHttpException' with message 'Unable to resolve the request "fancybox/fancy_shadow_sw.png".' in E:\apache\htdocs\freephoto\framework\web\CWebApplication.php:281
Stack trace:
#0 E:\apache\htdocs\freephoto\framework\web\CWebApplication.php(136): CWebApplication->runController('fancybox/fancy_...')
#1 E:\apache\htdocs\freephoto\framework\base\CApplication.php(158): CWebApplication->processRequest()
#2 E:\apache\htdocs\freephoto\www.findlark.com\index-test.php(17): CApplication->run()
#3 {main} REQUEST_URI=/fancybox/fancy_shadow_sw.png
2012/10/23 18:10:10 [error] [exception.CHttpException.404] exception 'CHttpException' with message 'Unable to resolve the request "fancybox/fancy_shadow_ne.png".' in E:\apache\htdocs\freephoto\framework\web\CWebApplication.php:281
Stack trace:
#0 E:\apache\htdocs\freephoto\framework\web\CWebApplication.php(136): CWebApplication->runController('fancybox/fancy_...')
#1 E:\apache\htdocs\freephoto\framework\base\CApplication.php(158): CWebApplication->processRequest()
#2 E:\apache\htdocs\freephoto\www.findlark.com\index-test.php(17): CApplication->run()
#3 {main} REQUEST_URI=/fancybox/fancy_shadow_ne.png
2012/10/23 18:10:10 [error] [exception.CHttpException.404] exception 'CHttpException' with message 'Unable to resolve the request "fancybox/fancy_shadow_s.png".' in E:\apache\htdocs\freephoto\framework\web\CWebApplication.php:281
Stack trace:
#0 E:\apache\htdocs\freephoto\framework\web\CWebApplication.php(136): CWebApplication->runController('fancybox/fancy_...')
#1 E:\apache\htdocs\freephoto\framework\base\CApplication.php(158): CWebApplication->processRequest()
#2 E:\apache\htdocs\freephoto\www.findlark.com\index-test.php(17): CApplication->run()
#3 {main} REQUEST_URI=/fancybox/fancy_shadow_s.png
2012/10/23 18:10:10 [error] [exception.CHttpException.404] exception 'CHttpException' with message 'Unable to resolve the request "fancybox/fancy_shadow_se.png".' in E:\apache\htdocs\freephoto\framework\web\CWebApplication.php:281
Stack trace:
#0 E:\apache\htdocs\freephoto\framework\web\CWebApplication.php(136): CWebApplication->runController('fancybox/fancy_...')
#1 E:\apache\htdocs\freephoto\framework\base\CApplication.php(158): CWebApplication->processRequest()
#2 E:\apache\htdocs\freephoto\www.findlark.com\index-test.php(17): CApplication->run()
#3 {main} REQUEST_URI=/fancybox/fancy_shadow_se.png
2012/10/23 18:10:10 [error] [exception.CHttpException.404] exception 'CHttpException' with message 'Unable to resolve the request "fancybox/fancy_shadow_w.png".' in E:\apache\htdocs\freephoto\framework\web\CWebApplication.php:281
Stack trace:
#0 E:\apache\htdocs\freephoto\framework\web\CWebApplication.php(136): CWebApplication->runController('fancybox/fancy_...')
#1 E:\apache\htdocs\freephoto\framework\base\CApplication.php(158): CWebApplication->processRequest()
#2 E:\apache\htdocs\freephoto\www.findlark.com\index-test.php(17): CApplication->run()
#3 {main} REQUEST_URI=/fancybox/fancy_shadow_w.png
2012/10/23 18:10:10 [error] [exception.CHttpException.404] exception 'CHttpException' with message 'Unable to resolve the request "fancybox/fancy_shadow_nw.png".' in E:\apache\htdocs\freephoto\framework\web\CWebApplication.php:281
Stack trace:
#0 E:\apache\htdocs\freephoto\framework\web\CWebApplication.php(136): CWebApplication->runController('fancybox/fancy_...')
#1 E:\apache\htdocs\freephoto\framework\base\CApplication.php(158): CWebApplication->processRequest()
#2 E:\apache\htdocs\freephoto\www.findlark.com\index-test.php(17): CApplication->run()
#3 {main} REQUEST_URI=/fancybox/fancy_shadow_nw.png
2012/10/23 18:10:10 [error] [exception.CHttpException.404] exception 'CHttpException' with message 'Unable to resolve the request "fancybox/fancy_shadow_n.png".' in E:\apache\htdocs\freephoto\framework\web\CWebApplication.php:281
Stack trace:
#0 E:\apache\htdocs\freephoto\framework\web\CWebApplication.php(136): CWebApplication->runController('fancybox/fancy_...')
#1 E:\apache\htdocs\freephoto\framework\base\CApplication.php(158): CWebApplication->processRequest()
#2 E:\apache\htdocs\freephoto\www.findlark.com\index-test.php(17): CApplication->run()
#3 {main} REQUEST_URI=/fancybox/fancy_shadow_n.png
2012/10/23 18:10:12 [error] [exception.CHttpException.404] exception 'CHttpException' with message 'Unable to resolve the request "fancybox/fancy_shadow_sw.png".' in E:\apache\htdocs\freephoto\framework\web\CWebApplication.php:281
Stack trace:
#0 E:\apache\htdocs\freephoto\framework\web\CWebApplication.php(136): CWebApplication->runController('fancybox/fancy_...')
#1 E:\apache\htdocs\freephoto\framework\base\CApplication.php(158): CWebApplication->processRequest()
#2 E:\apache\htdocs\freephoto\www.findlark.com\index-test.php(17): CApplication->run()
#3 {main} REQUEST_URI=/fancybox/fancy_shadow_sw.png
2012/10/23 18:10:12 [error] [exception.CHttpException.404] exception 'CHttpException' with message 'Unable to resolve the request "fancybox/fancy_shadow_n.png".' in E:\apache\htdocs\freephoto\framework\web\CWebApplication.php:281
Stack trace:
#0 E:\apache\htdocs\freephoto\framework\web\CWebApplication.php(136): CWebApplication->runController('fancybox/fancy_...')
#1 E:\apache\htdocs\freephoto\framework\base\CApplication.php(158): CWebApplication->processRequest()
#2 E:\apache\htdocs\freephoto\www.findlark.com\index-test.php(17): CApplication->run()
#3 {main} REQUEST_URI=/fancybox/fancy_shadow_n.png
2012/10/23 18:10:12 [error] [exception.CHttpException.404] exception 'CHttpException' with message 'Unable to resolve the request "fancybox/fancy_shadow_ne.png".' in E:\apache\htdocs\freephoto\framework\web\CWebApplication.php:281
Stack trace:
#0 E:\apache\htdocs\freephoto\framework\web\CWebApplication.php(136): CWebApplication->runController('fancybox/fancy_...')
#1 E:\apache\htdocs\freephoto\framework\base\CApplication.php(158): CWebApplication->processRequest()
#2 E:\apache\htdocs\freephoto\www.findlark.com\index-test.php(17): CApplication->run()
#3 {main} REQUEST_URI=/fancybox/fancy_shadow_ne.png
2012/10/23 18:10:12 [error] [exception.CHttpException.404] exception 'CHttpException' with message 'Unable to resolve the request "fancybox/fancy_shadow_nw.png".' in E:\apache\htdocs\freephoto\framework\web\CWebApplication.php:281
Stack trace:
#0 E:\apache\htdocs\freephoto\framework\web\CWebApplication.php(136): CWebApplication->runController('fancybox/fancy_...')
#1 E:\apache\htdocs\freephoto\framework\base\CApplication.php(158): CWebApplication->processRequest()
#2 E:\apache\htdocs\freephoto\www.findlark.com\index-test.php(17): CApplication->run()
#3 {main} REQUEST_URI=/fancybox/fancy_shadow_nw.png
2012/10/23 18:10:12 [error] [exception.CHttpException.404] exception 'CHttpException' with message 'Unable to resolve the request "fancybox/fancy_shadow_e.png".' in E:\apache\htdocs\freephoto\framework\web\CWebApplication.php:281
Stack trace:
#0 E:\apache\htdocs\freephoto\framework\web\CWebApplication.php(136): CWebApplication->runController('fancybox/fancy_...')
#1 E:\apache\htdocs\freephoto\framework\base\CApplication.php(158): CWebApplication->processRequest()
#2 E:\apache\htdocs\freephoto\www.findlark.com\index-test.php(17): CApplication->run()
#3 {main} REQUEST_URI=/fancybox/fancy_shadow_e.png
2012/10/23 18:10:12 [error] [exception.CHttpException.404] exception 'CHttpException' with message 'Unable to resolve the request "fancybox/fancy_shadow_s.png".' in E:\apache\htdocs\freephoto\framework\web\CWebApplication.php:281
Stack trace:
#0 E:\apache\htdocs\freephoto\framework\web\CWebApplication.php(136): CWebApplication->runController('fancybox/fancy_...')
#1 E:\apache\htdocs\freephoto\framework\base\CApplication.php(158): CWebApplication->processRequest()
#2 E:\apache\htdocs\freephoto\www.findlark.com\index-test.php(17): CApplication->run()
#3 {main} REQUEST_URI=/fancybox/fancy_shadow_s.png
2012/10/23 18:10:12 [error] [exception.CHttpException.404] exception 'CHttpException' with message 'Unable to resolve the request "fancybox/fancy_shadow_w.png".' in E:\apache\htdocs\freephoto\framework\web\CWebApplication.php:281
Stack trace:
#0 E:\apache\htdocs\freephoto\framework\web\CWebApplication.php(136): CWebApplication->runController('fancybox/fancy_...')
#1 E:\apache\htdocs\freephoto\framework\base\CApplication.php(158): CWebApplication->processRequest()
#2 E:\apache\htdocs\freephoto\www.findlark.com\index-test.php(17): CApplication->run()
#3 {main} REQUEST_URI=/fancybox/fancy_shadow_w.png
2012/10/23 18:10:12 [error] [exception.CHttpException.404] exception 'CHttpException' with message 'Unable to resolve the request "fancybox/fancy_shadow_se.png".' in E:\apache\htdocs\freephoto\framework\web\CWebApplication.php:281
Stack trace:
#0 E:\apache\htdocs\freephoto\framework\web\CWebApplication.php(136): CWebApplication->runController('fancybox/fancy_...')
#1 E:\apache\htdocs\freephoto\framework\base\CApplication.php(158): CWebApplication->processRequest()
#2 E:\apache\htdocs\freephoto\www.findlark.com\index-test.php(17): CApplication->run()
#3 {main} REQUEST_URI=/fancybox/fancy_shadow_se.png
2012/10/23 18:10:13 [error] [exception.CHttpException.404] exception 'CHttpException' with message 'Unable to resolve the request "fancybox/fancy_shadow_se.png".' in E:\apache\htdocs\freephoto\framework\web\CWebApplication.php:281
Stack trace:
#0 E:\apache\htdocs\freephoto\framework\web\CWebApplication.php(136): CWebApplication->runController('fancybox/fancy_...')
#1 E:\apache\htdocs\freephoto\framework\base\CApplication.php(158): CWebApplication->processRequest()
#2 E:\apache\htdocs\freephoto\www.findlark.com\index-test.php(17): CApplication->run()
#3 {main} REQUEST_URI=/fancybox/fancy_shadow_se.png
2012/10/23 18:10:13 [error] [exception.CHttpException.404] exception 'CHttpException' with message 'Unable to resolve the request "fancybox/fancy_shadow_w.png".' in E:\apache\htdocs\freephoto\framework\web\CWebApplication.php:281
Stack trace:
#0 E:\apache\htdocs\freephoto\framework\web\CWebApplication.php(136): CWebApplication->runController('fancybox/fancy_...')
#1 E:\apache\htdocs\freephoto\framework\base\CApplication.php(158): CWebApplication->processRequest()
#2 E:\apache\htdocs\freephoto\www.findlark.com\index-test.php(17): CApplication->run()
#3 {main} REQUEST_URI=/fancybox/fancy_shadow_w.png
2012/10/23 18:10:13 [error] [exception.CHttpException.404] exception 'CHttpException' with message 'Unable to resolve the request "fancybox/fancy_shadow_sw.png".' in E:\apache\htdocs\freephoto\framework\web\CWebApplication.php:281
Stack trace:
#0 E:\apache\htdocs\freephoto\framework\web\CWebApplication.php(136): CWebApplication->runController('fancybox/fancy_...')
#1 E:\apache\htdocs\freephoto\framework\base\CApplication.php(158): CWebApplication->processRequest()
#2 E:\apache\htdocs\freephoto\www.findlark.com\index-test.php(17): CApplication->run()
#3 {main} REQUEST_URI=/fancybox/fancy_shadow_sw.png
2012/10/23 18:10:13 [error] [exception.CHttpException.404] exception 'CHttpException' with message 'Unable to resolve the request "fancybox/fancy_shadow_e.png".' in E:\apache\htdocs\freephoto\framework\web\CWebApplication.php:281
Stack trace:
#0 E:\apache\htdocs\freephoto\framework\web\CWebApplication.php(136): CWebApplication->runController('fancybox/fancy_...')
#1 E:\apache\htdocs\freephoto\framework\base\CApplication.php(158): CWebApplication->processRequest()
#2 E:\apache\htdocs\freephoto\www.findlark.com\index-test.php(17): CApplication->run()
#3 {main} REQUEST_URI=/fancybox/fancy_shadow_e.png
2012/10/23 18:10:13 [error] [exception.CHttpException.404] exception 'CHttpException' with message 'Unable to resolve the request "fancybox/fancy_shadow_s.png".' in E:\apache\htdocs\freephoto\framework\web\CWebApplication.php:281
Stack trace:
#0 E:\apache\htdocs\freephoto\framework\web\CWebApplication.php(136): CWebApplication->runController('fancybox/fancy_...')
#1 E:\apache\htdocs\freephoto\framework\base\CApplication.php(158): CWebApplication->processRequest()
#2 E:\apache\htdocs\freephoto\www.findlark.com\index-test.php(17): CApplication->run()
#3 {main} REQUEST_URI=/fancybox/fancy_shadow_s.png
2012/10/23 18:10:13 [error] [exception.CHttpException.404] exception 'CHttpException' with message 'Unable to resolve the request "fancybox/fancy_shadow_ne.png".' in E:\apache\htdocs\freephoto\framework\web\CWebApplication.php:281
Stack trace:
#0 E:\apache\htdocs\freephoto\framework\web\CWebApplication.php(136): CWebApplication->runController('fancybox/fancy_...')
#1 E:\apache\htdocs\freephoto\framework\base\CApplication.php(158): CWebApplication->processRequest()
#2 E:\apache\htdocs\freephoto\www.findlark.com\index-test.php(17): CApplication->run()
#3 {main} REQUEST_URI=/fancybox/fancy_shadow_ne.png
2012/10/23 18:10:13 [error] [exception.CHttpException.404] exception 'CHttpException' with message 'Unable to resolve the request "fancybox/fancy_shadow_nw.png".' in E:\apache\htdocs\freephoto\framework\web\CWebApplication.php:281
Stack trace:
#0 E:\apache\htdocs\freephoto\framework\web\CWebApplication.php(136): CWebApplication->runController('fancybox/fancy_...')
#1 E:\apache\htdocs\freephoto\framework\base\CApplication.php(158): CWebApplication->processRequest()
#2 E:\apache\htdocs\freephoto\www.findlark.com\index-test.php(17): CApplication->run()
#3 {main} REQUEST_URI=/fancybox/fancy_shadow_nw.png
2012/10/23 18:10:13 [error] [exception.CHttpException.404] exception 'CHttpException' with message 'Unable to resolve the request "fancybox/fancy_shadow_n.png".' in E:\apache\htdocs\freephoto\framework\web\CWebApplication.php:281
Stack trace:
#0 E:\apache\htdocs\freephoto\framework\web\CWebApplication.php(136): CWebApplication->runController('fancybox/fancy_...')
#1 E:\apache\htdocs\freephoto\framework\base\CApplication.php(158): CWebApplication->processRequest()
#2 E:\apache\htdocs\freephoto\www.findlark.com\index-test.php(17): CApplication->run()
#3 {main} REQUEST_URI=/fancybox/fancy_shadow_n.png
2012/10/23 18:10:17 [error] [exception.CHttpException.404] exception 'CHttpException' with message 'Unable to resolve the request "fancybox/fancy_shadow_w.png".' in E:\apache\htdocs\freephoto\framework\web\CWebApplication.php:281
Stack trace:
#0 E:\apache\htdocs\freephoto\framework\web\CWebApplication.php(136): CWebApplication->runController('fancybox/fancy_...')
#1 E:\apache\htdocs\freephoto\framework\base\CApplication.php(158): CWebApplication->processRequest()
#2 E:\apache\htdocs\freephoto\www.findlark.com\index-test.php(17): CApplication->run()
#3 {main} REQUEST_URI=/fancybox/fancy_shadow_w.png
2012/10/23 18:10:17 [error] [exception.CHttpException.404] exception 'CHttpException' with message 'Unable to resolve the request "fancybox/fancy_shadow_nw.png".' in E:\apache\htdocs\freephoto\framework\web\CWebApplication.php:281
Stack trace:
#0 E:\apache\htdocs\freephoto\framework\web\CWebApplication.php(136): CWebApplication->runController('fancybox/fancy_...')
#1 E:\apache\htdocs\freephoto\framework\base\CApplication.php(158): CWebApplication->processRequest()
#2 E:\apache\htdocs\freephoto\www.findlark.com\index-test.php(17): CApplication->run()
#3 {main} REQUEST_URI=/fancybox/fancy_shadow_nw.png
2012/10/23 18:10:17 [error] [exception.CHttpException.404] exception 'CHttpException' with message 'Unable to resolve the request "fancybox/fancy_shadow_sw.png".' in E:\apache\htdocs\freephoto\framework\web\CWebApplication.php:281
Stack trace:
#0 E:\apache\htdocs\freephoto\framework\web\CWebApplication.php(136): CWebApplication->runController('fancybox/fancy_...')
#1 E:\apache\htdocs\freephoto\framework\base\CApplication.php(158): CWebApplication->processRequest()
#2 E:\apache\htdocs\freephoto\www.findlark.com\index-test.php(17): CApplication->run()
#3 {main} REQUEST_URI=/fancybox/fancy_shadow_sw.png
2012/10/23 18:10:17 [error] [exception.CHttpException.404] exception 'CHttpException' with message 'Unable to resolve the request "fancybox/fancy_shadow_s.png".' in E:\apache\htdocs\freephoto\framework\web\CWebApplication.php:281
Stack trace:
#0 E:\apache\htdocs\freephoto\framework\web\CWebApplication.php(136): CWebApplication->runController('fancybox/fancy_...')
#1 E:\apache\htdocs\freephoto\framework\base\CApplication.php(158): CWebApplication->processRequest()
#2 E:\apache\htdocs\freephoto\www.findlark.com\index-test.php(17): CApplication->run()
#3 {main} REQUEST_URI=/fancybox/fancy_shadow_s.png
2012/10/23 18:10:17 [error] [exception.CHttpException.404] exception 'CHttpException' with message 'Unable to resolve the request "fancybox/fancy_shadow_se.png".' in E:\apache\htdocs\freephoto\framework\web\CWebApplication.php:281
Stack trace:
#0 E:\apache\htdocs\freephoto\framework\web\CWebApplication.php(136): CWebApplication->runController('fancybox/fancy_...')
#1 E:\apache\htdocs\freephoto\framework\base\CApplication.php(158): CWebApplication->processRequest()
#2 E:\apache\htdocs\freephoto\www.findlark.com\index-test.php(17): CApplication->run()
#3 {main} REQUEST_URI=/fancybox/fancy_shadow_se.png
2012/10/23 18:10:17 [error] [exception.CHttpException.404] exception 'CHttpException' with message 'Unable to resolve the request "fancybox/fancy_shadow_ne.png".' in E:\apache\htdocs\freephoto\framework\web\CWebApplication.php:281
Stack trace:
#0 E:\apache\htdocs\freephoto\framework\web\CWebApplication.php(136): CWebApplication->runController('fancybox/fancy_...')
#1 E:\apache\htdocs\freephoto\framework\base\CApplication.php(158): CWebApplication->processRequest()
#2 E:\apache\htdocs\freephoto\www.findlark.com\index-test.php(17): CApplication->run()
#3 {main} REQUEST_URI=/fancybox/fancy_shadow_ne.png
2012/10/23 18:10:17 [error] [exception.CHttpException.404] exception 'CHttpException' with message 'Unable to resolve the request "fancybox/fancy_shadow_e.png".' in E:\apache\htdocs\freephoto\framework\web\CWebApplication.php:281
Stack trace:
#0 E:\apache\htdocs\freephoto\framework\web\CWebApplication.php(136): CWebApplication->runController('fancybox/fancy_...')
#1 E:\apache\htdocs\freephoto\framework\base\CApplication.php(158): CWebApplication->processRequest()
#2 E:\apache\htdocs\freephoto\www.findlark.com\index-test.php(17): CApplication->run()
#3 {main} REQUEST_URI=/fancybox/fancy_shadow_e.png
2012/10/23 18:10:17 [error] [exception.CHttpException.404] exception 'CHttpException' with message 'Unable to resolve the request "fancybox/fancy_shadow_n.png".' in E:\apache\htdocs\freephoto\framework\web\CWebApplication.php:281
Stack trace:
#0 E:\apache\htdocs\freephoto\framework\web\CWebApplication.php(136): CWebApplication->runController('fancybox/fancy_...')
#1 E:\apache\htdocs\freephoto\framework\base\CApplication.php(158): CWebApplication->processRequest()
#2 E:\apache\htdocs\freephoto\www.findlark.com\index-test.php(17): CApplication->run()
#3 {main} REQUEST_URI=/fancybox/fancy_shadow_n.png
2012/10/23 18:10:30 [error] [exception.CHttpException.404] exception 'CHttpException' with message 'Unable to resolve the request "fancybox/fancy_shadow_s.png".' in E:\apache\htdocs\freephoto\framework\web\CWebApplication.php:281
Stack trace:
#0 E:\apache\htdocs\freephoto\framework\web\CWebApplication.php(136): CWebApplication->runController('fancybox/fancy_...')
#1 E:\apache\htdocs\freephoto\framework\base\CApplication.php(158): CWebApplication->processRequest()
#2 E:\apache\htdocs\freephoto\www.findlark.com\index-test.php(17): CApplication->run()
#3 {main} REQUEST_URI=/fancybox/fancy_shadow_s.png
2012/10/23 18:10:30 [error] [exception.CHttpException.404] exception 'CHttpException' with message 'Unable to resolve the request "fancybox/fancy_shadow_se.png".' in E:\apache\htdocs\freephoto\framework\web\CWebApplication.php:281
Stack trace:
#0 E:\apache\htdocs\freephoto\framework\web\CWebApplication.php(136): CWebApplication->runController('fancybox/fancy_...')
#1 E:\apache\htdocs\freephoto\framework\base\CApplication.php(158): CWebApplication->processRequest()
#2 E:\apache\htdocs\freephoto\www.findlark.com\index-test.php(17): CApplication->run()
#3 {main} REQUEST_URI=/fancybox/fancy_shadow_se.png
2012/10/23 18:10:30 [error] [exception.CHttpException.404] exception 'CHttpException' with message 'Unable to resolve the request "fancybox/fancy_shadow_e.png".' in E:\apache\htdocs\freephoto\framework\web\CWebApplication.php:281
Stack trace:
#0 E:\apache\htdocs\freephoto\framework\web\CWebApplication.php(136): CWebApplication->runController('fancybox/fancy_...')
#1 E:\apache\htdocs\freephoto\framework\base\CApplication.php(158): CWebApplication->processRequest()
#2 E:\apache\htdocs\freephoto\www.findlark.com\index-test.php(17): CApplication->run()
#3 {main} REQUEST_URI=/fancybox/fancy_shadow_e.png
2012/10/23 18:10:30 [error] [exception.CHttpException.404] exception 'CHttpException' with message 'Unable to resolve the request "fancybox/fancy_shadow_w.png".' in E:\apache\htdocs\freephoto\framework\web\CWebApplication.php:281
Stack trace:
#0 E:\apache\htdocs\freephoto\framework\web\CWebApplication.php(136): CWebApplication->runController('fancybox/fancy_...')
#1 E:\apache\htdocs\freephoto\framework\base\CApplication.php(158): CWebApplication->processRequest()
#2 E:\apache\htdocs\freephoto\www.findlark.com\index-test.php(17): CApplication->run()
#3 {main} REQUEST_URI=/fancybox/fancy_shadow_w.png
2012/10/23 18:10:30 [error] [exception.CHttpException.404] exception 'CHttpException' with message 'Unable to resolve the request "fancybox/fancy_shadow_sw.png".' in E:\apache\htdocs\freephoto\framework\web\CWebApplication.php:281
Stack trace:
#0 E:\apache\htdocs\freephoto\framework\web\CWebApplication.php(136): CWebApplication->runController('fancybox/fancy_...')
#1 E:\apache\htdocs\freephoto\framework\base\CApplication.php(158): CWebApplication->processRequest()
#2 E:\apache\htdocs\freephoto\www.findlark.com\index-test.php(17): CApplication->run()
#3 {main} REQUEST_URI=/fancybox/fancy_shadow_sw.png
2012/10/23 18:10:30 [error] [exception.CHttpException.404] exception 'CHttpException' with message 'Unable to resolve the request "fancybox/fancy_shadow_nw.png".' in E:\apache\htdocs\freephoto\framework\web\CWebApplication.php:281
Stack trace:
#0 E:\apache\htdocs\freephoto\framework\web\CWebApplication.php(136): CWebApplication->runController('fancybox/fancy_...')
#1 E:\apache\htdocs\freephoto\framework\base\CApplication.php(158): CWebApplication->processRequest()
#2 E:\apache\htdocs\freephoto\www.findlark.com\index-test.php(17): CApplication->run()
#3 {main} REQUEST_URI=/fancybox/fancy_shadow_nw.png
2012/10/23 18:10:30 [error] [exception.CHttpException.404] exception 'CHttpException' with message 'Unable to resolve the request "fancybox/fancy_shadow_ne.png".' in E:\apache\htdocs\freephoto\framework\web\CWebApplication.php:281
Stack trace:
#0 E:\apache\htdocs\freephoto\framework\web\CWebApplication.php(136): CWebApplication->runController('fancybox/fancy_...')
#1 E:\apache\htdocs\freephoto\framework\base\CApplication.php(158): CWebApplication->processRequest()
#2 E:\apache\htdocs\freephoto\www.findlark.com\index-test.php(17): CApplication->run()
#3 {main} REQUEST_URI=/fancybox/fancy_shadow_ne.png
2012/10/23 18:10:30 [error] [exception.CHttpException.404] exception 'CHttpException' with message 'Unable to resolve the request "fancybox/fancy_shadow_n.png".' in E:\apache\htdocs\freephoto\framework\web\CWebApplication.php:281
Stack trace:
#0 E:\apache\htdocs\freephoto\framework\web\CWebApplication.php(136): CWebApplication->runController('fancybox/fancy_...')
#1 E:\apache\htdocs\freephoto\framework\base\CApplication.php(158): CWebApplication->processRequest()
#2 E:\apache\htdocs\freephoto\www.findlark.com\index-test.php(17): CApplication->run()
#3 {main} REQUEST_URI=/fancybox/fancy_shadow_n.png
2012/10/23 18:10:33 [error] [exception.CHttpException.404] exception 'CHttpException' with message 'Unable to resolve the request "fancybox/fancy_shadow_nw.png".' in E:\apache\htdocs\freephoto\framework\web\CWebApplication.php:281
Stack trace:
#0 E:\apache\htdocs\freephoto\framework\web\CWebApplication.php(136): CWebApplication->runController('fancybox/fancy_...')
#1 E:\apache\htdocs\freephoto\framework\base\CApplication.php(158): CWebApplication->processRequest()
#2 E:\apache\htdocs\freephoto\www.findlark.com\index-test.php(17): CApplication->run()
#3 {main} REQUEST_URI=/fancybox/fancy_shadow_nw.png
2012/10/23 18:10:33 [error] [exception.CHttpException.404] exception 'CHttpException' with message 'Unable to resolve the request "fancybox/fancy_shadow_se.png".' in E:\apache\htdocs\freephoto\framework\web\CWebApplication.php:281
Stack trace:
#0 E:\apache\htdocs\freephoto\framework\web\CWebApplication.php(136): CWebApplication->runController('fancybox/fancy_...')
#1 E:\apache\htdocs\freephoto\framework\base\CApplication.php(158): CWebApplication->processRequest()
#2 E:\apache\htdocs\freephoto\www.findlark.com\index-test.php(17): CApplication->run()
#3 {main} REQUEST_URI=/fancybox/fancy_shadow_se.png
2012/10/23 18:10:33 [error] [exception.CHttpException.404] exception 'CHttpException' with message 'Unable to resolve the request "fancybox/fancy_shadow_n.png".' in E:\apache\htdocs\freephoto\framework\web\CWebApplication.php:281
Stack trace:
#0 E:\apache\htdocs\freephoto\framework\web\CWebApplication.php(136): CWebApplication->runController('fancybox/fancy_...')
#1 E:\apache\htdocs\freephoto\framework\base\CApplication.php(158): CWebApplication->processRequest()
#2 E:\apache\htdocs\freephoto\www.findlark.com\index-test.php(17): CApplication->run()
#3 {main} REQUEST_URI=/fancybox/fancy_shadow_n.png
2012/10/23 18:10:33 [error] [exception.CHttpException.404] exception 'CHttpException' with message 'Unable to resolve the request "fancybox/fancy_shadow_s.png".' in E:\apache\htdocs\freephoto\framework\web\CWebApplication.php:281
Stack trace:
#0 E:\apache\htdocs\freephoto\framework\web\CWebApplication.php(136): CWebApplication->runController('fancybox/fancy_...')
#1 E:\apache\htdocs\freephoto\framework\base\CApplication.php(158): CWebApplication->processRequest()
#2 E:\apache\htdocs\freephoto\www.findlark.com\index-test.php(17): CApplication->run()
#3 {main} REQUEST_URI=/fancybox/fancy_shadow_s.png
2012/10/23 18:10:33 [error] [exception.CHttpException.404] exception 'CHttpException' with message 'Unable to resolve the request "fancybox/fancy_shadow_ne.png".' in E:\apache\htdocs\freephoto\framework\web\CWebApplication.php:281
Stack trace:
#0 E:\apache\htdocs\freephoto\framework\web\CWebApplication.php(136): CWebApplication->runController('fancybox/fancy_...')
#1 E:\apache\htdocs\freephoto\framework\base\CApplication.php(158): CWebApplication->processRequest()
#2 E:\apache\htdocs\freephoto\www.findlark.com\index-test.php(17): CApplication->run()
#3 {main} REQUEST_URI=/fancybox/fancy_shadow_ne.png
2012/10/23 18:10:33 [error] [exception.CHttpException.404] exception 'CHttpException' with message 'Unable to resolve the request "fancybox/fancy_shadow_sw.png".' in E:\apache\htdocs\freephoto\framework\web\CWebApplication.php:281
Stack trace:
#0 E:\apache\htdocs\freephoto\framework\web\CWebApplication.php(136): CWebApplication->runController('fancybox/fancy_...')
#1 E:\apache\htdocs\freephoto\framework\base\CApplication.php(158): CWebApplication->processRequest()
#2 E:\apache\htdocs\freephoto\www.findlark.com\index-test.php(17): CApplication->run()
#3 {main} REQUEST_URI=/fancybox/fancy_shadow_sw.png
2012/10/23 18:10:33 [error] [exception.CHttpException.404] exception 'CHttpException' with message 'Unable to resolve the request "fancybox/fancy_shadow_e.png".' in E:\apache\htdocs\freephoto\framework\web\CWebApplication.php:281
Stack trace:
#0 E:\apache\htdocs\freephoto\framework\web\CWebApplication.php(136): CWebApplication->runController('fancybox/fancy_...')
#1 E:\apache\htdocs\freephoto\framework\base\CApplication.php(158): CWebApplication->processRequest()
#2 E:\apache\htdocs\freephoto\www.findlark.com\index-test.php(17): CApplication->run()
#3 {main} REQUEST_URI=/fancybox/fancy_shadow_e.png
2012/10/23 18:10:33 [error] [exception.CHttpException.404] exception 'CHttpException' with message 'Unable to resolve the request "fancybox/fancy_shadow_w.png".' in E:\apache\htdocs\freephoto\framework\web\CWebApplication.php:281
Stack trace:
#0 E:\apache\htdocs\freephoto\framework\web\CWebApplication.php(136): CWebApplication->runController('fancybox/fancy_...')
#1 E:\apache\htdocs\freephoto\framework\base\CApplication.php(158): CWebApplication->processRequest()
#2 E:\apache\htdocs\freephoto\www.findlark.com\index-test.php(17): CApplication->run()
#3 {main} REQUEST_URI=/fancybox/fancy_shadow_w.png
2012/10/23 18:10:34 [error] [exception.CHttpException.404] exception 'CHttpException' with message 'Unable to resolve the request "fancybox/fancy_shadow_nw.png".' in E:\apache\htdocs\freephoto\framework\web\CWebApplication.php:281
Stack trace:
#0 E:\apache\htdocs\freephoto\framework\web\CWebApplication.php(136): CWebApplication->runController('fancybox/fancy_...')
#1 E:\apache\htdocs\freephoto\framework\base\CApplication.php(158): CWebApplication->processRequest()
#2 E:\apache\htdocs\freephoto\www.findlark.com\index-test.php(17): CApplication->run()
#3 {main} REQUEST_URI=/fancybox/fancy_shadow_nw.png
2012/10/23 18:10:34 [error] [exception.CHttpException.404] exception 'CHttpException' with message 'Unable to resolve the request "fancybox/fancy_shadow_s.png".' in E:\apache\htdocs\freephoto\framework\web\CWebApplication.php:281
Stack trace:
#0 E:\apache\htdocs\freephoto\framework\web\CWebApplication.php(136): CWebApplication->runController('fancybox/fancy_...')
#1 E:\apache\htdocs\freephoto\framework\base\CApplication.php(158): CWebApplication->processRequest()
#2 E:\apache\htdocs\freephoto\www.findlark.com\index-test.php(17): CApplication->run()
#3 {main} REQUEST_URI=/fancybox/fancy_shadow_s.png
2012/10/23 18:10:34 [error] [exception.CHttpException.404] exception 'CHttpException' with message 'Unable to resolve the request "fancybox/fancy_shadow_se.png".' in E:\apache\htdocs\freephoto\framework\web\CWebApplication.php:281
Stack trace:
#0 E:\apache\htdocs\freephoto\framework\web\CWebApplication.php(136): CWebApplication->runController('fancybox/fancy_...')
#1 E:\apache\htdocs\freephoto\framework\base\CApplication.php(158): CWebApplication->processRequest()
#2 E:\apache\htdocs\freephoto\www.findlark.com\index-test.php(17): CApplication->run()
#3 {main} REQUEST_URI=/fancybox/fancy_shadow_se.png
2012/10/23 18:10:34 [error] [exception.CHttpException.404] exception 'CHttpException' with message 'Unable to resolve the request "fancybox/fancy_shadow_w.png".' in E:\apache\htdocs\freephoto\framework\web\CWebApplication.php:281
Stack trace:
#0 E:\apache\htdocs\freephoto\framework\web\CWebApplication.php(136): CWebApplication->runController('fancybox/fancy_...')
#1 E:\apache\htdocs\freephoto\framework\base\CApplication.php(158): CWebApplication->processRequest()
#2 E:\apache\htdocs\freephoto\www.findlark.com\index-test.php(17): CApplication->run()
#3 {main} REQUEST_URI=/fancybox/fancy_shadow_w.png
2012/10/23 18:10:34 [error] [exception.CHttpException.404] exception 'CHttpException' with message 'Unable to resolve the request "fancybox/fancy_shadow_e.png".' in E:\apache\htdocs\freephoto\framework\web\CWebApplication.php:281
Stack trace:
#0 E:\apache\htdocs\freephoto\framework\web\CWebApplication.php(136): CWebApplication->runController('fancybox/fancy_...')
#1 E:\apache\htdocs\freephoto\framework\base\CApplication.php(158): CWebApplication->processRequest()
#2 E:\apache\htdocs\freephoto\www.findlark.com\index-test.php(17): CApplication->run()
#3 {main} REQUEST_URI=/fancybox/fancy_shadow_e.png
2012/10/23 18:10:34 [error] [exception.CHttpException.404] exception 'CHttpException' with message 'Unable to resolve the request "fancybox/fancy_shadow_n.png".' in E:\apache\htdocs\freephoto\framework\web\CWebApplication.php:281
Stack trace:
#0 E:\apache\htdocs\freephoto\framework\web\CWebApplication.php(136): CWebApplication->runController('fancybox/fancy_...')
#1 E:\apache\htdocs\freephoto\framework\base\CApplication.php(158): CWebApplication->processRequest()
#2 E:\apache\htdocs\freephoto\www.findlark.com\index-test.php(17): CApplication->run()
#3 {main} REQUEST_URI=/fancybox/fancy_shadow_n.png
2012/10/23 18:10:34 [error] [exception.CHttpException.404] exception 'CHttpException' with message 'Unable to resolve the request "fancybox/fancy_shadow_sw.png".' in E:\apache\htdocs\freephoto\framework\web\CWebApplication.php:281
Stack trace:
#0 E:\apache\htdocs\freephoto\framework\web\CWebApplication.php(136): CWebApplication->runController('fancybox/fancy_...')
#1 E:\apache\htdocs\freephoto\framework\base\CApplication.php(158): CWebApplication->processRequest()
#2 E:\apache\htdocs\freephoto\www.findlark.com\index-test.php(17): CApplication->run()
#3 {main} REQUEST_URI=/fancybox/fancy_shadow_sw.png
2012/10/23 18:10:34 [error] [exception.CHttpException.404] exception 'CHttpException' with message 'Unable to resolve the request "fancybox/fancy_shadow_ne.png".' in E:\apache\htdocs\freephoto\framework\web\CWebApplication.php:281
Stack trace:
#0 E:\apache\htdocs\freephoto\framework\web\CWebApplication.php(136): CWebApplication->runController('fancybox/fancy_...')
#1 E:\apache\htdocs\freephoto\framework\base\CApplication.php(158): CWebApplication->processRequest()
#2 E:\apache\htdocs\freephoto\www.findlark.com\index-test.php(17): CApplication->run()
#3 {main} REQUEST_URI=/fancybox/fancy_shadow_ne.png
2012/10/23 18:10:44 [error] [exception.CHttpException.404] exception 'CHttpException' with message 'Unable to resolve the request "fancybox/fancy_shadow_nw.png".' in E:\apache\htdocs\freephoto\framework\web\CWebApplication.php:281
Stack trace:
#0 E:\apache\htdocs\freephoto\framework\web\CWebApplication.php(136): CWebApplication->runController('fancybox/fancy_...')
#1 E:\apache\htdocs\freephoto\framework\base\CApplication.php(158): CWebApplication->processRequest()
#2 E:\apache\htdocs\freephoto\www.findlark.com\index-test.php(17): CApplication->run()
#3 {main} REQUEST_URI=/fancybox/fancy_shadow_nw.png
2012/10/23 18:10:44 [error] [exception.CHttpException.404] exception 'CHttpException' with message 'Unable to resolve the request "fancybox/fancy_shadow_e.png".' in E:\apache\htdocs\freephoto\framework\web\CWebApplication.php:281
Stack trace:
#0 E:\apache\htdocs\freephoto\framework\web\CWebApplication.php(136): CWebApplication->runController('fancybox/fancy_...')
#1 E:\apache\htdocs\freephoto\framework\base\CApplication.php(158): CWebApplication->processRequest()
#2 E:\apache\htdocs\freephoto\www.findlark.com\index-test.php(17): CApplication->run()
#3 {main} REQUEST_URI=/fancybox/fancy_shadow_e.png
2012/10/23 18:10:44 [error] [exception.CHttpException.404] exception 'CHttpException' with message 'Unable to resolve the request "fancybox/fancy_shadow_sw.png".' in E:\apache\htdocs\freephoto\framework\web\CWebApplication.php:281
Stack trace:
#0 E:\apache\htdocs\freephoto\framework\web\CWebApplication.php(136): CWebApplication->runController('fancybox/fancy_...')
#1 E:\apache\htdocs\freephoto\framework\base\CApplication.php(158): CWebApplication->processRequest()
#2 E:\apache\htdocs\freephoto\www.findlark.com\index-test.php(17): CApplication->run()
#3 {main} REQUEST_URI=/fancybox/fancy_shadow_sw.png
2012/10/23 18:10:44 [error] [exception.CHttpException.404] exception 'CHttpException' with message 'Unable to resolve the request "fancybox/fancy_shadow_w.png".' in E:\apache\htdocs\freephoto\framework\web\CWebApplication.php:281
Stack trace:
#0 E:\apache\htdocs\freephoto\framework\web\CWebApplication.php(136): CWebApplication->runController('fancybox/fancy_...')
#1 E:\apache\htdocs\freephoto\framework\base\CApplication.php(158): CWebApplication->processRequest()
#2 E:\apache\htdocs\freephoto\www.findlark.com\index-test.php(17): CApplication->run()
#3 {main} REQUEST_URI=/fancybox/fancy_shadow_w.png
2012/10/23 18:10:44 [error] [exception.CHttpException.404] exception 'CHttpException' with message 'Unable to resolve the request "fancybox/fancy_shadow_n.png".' in E:\apache\htdocs\freephoto\framework\web\CWebApplication.php:281
Stack trace:
#0 E:\apache\htdocs\freephoto\framework\web\CWebApplication.php(136): CWebApplication->runController('fancybox/fancy_...')
#1 E:\apache\htdocs\freephoto\framework\base\CApplication.php(158): CWebApplication->processRequest()
#2 E:\apache\htdocs\freephoto\www.findlark.com\index-test.php(17): CApplication->run()
#3 {main} REQUEST_URI=/fancybox/fancy_shadow_n.png
2012/10/23 18:10:44 [error] [exception.CHttpException.404] exception 'CHttpException' with message 'Unable to resolve the request "fancybox/fancy_shadow_s.png".' in E:\apache\htdocs\freephoto\framework\web\CWebApplication.php:281
Stack trace:
#0 E:\apache\htdocs\freephoto\framework\web\CWebApplication.php(136): CWebApplication->runController('fancybox/fancy_...')
#1 E:\apache\htdocs\freephoto\framework\base\CApplication.php(158): CWebApplication->processRequest()
#2 E:\apache\htdocs\freephoto\www.findlark.com\index-test.php(17): CApplication->run()
#3 {main} REQUEST_URI=/fancybox/fancy_shadow_s.png
2012/10/23 18:10:44 [error] [exception.CHttpException.404] exception 'CHttpException' with message 'Unable to resolve the request "fancybox/fancy_shadow_se.png".' in E:\apache\htdocs\freephoto\framework\web\CWebApplication.php:281
Stack trace:
#0 E:\apache\htdocs\freephoto\framework\web\CWebApplication.php(136): CWebApplication->runController('fancybox/fancy_...')
#1 E:\apache\htdocs\freephoto\framework\base\CApplication.php(158): CWebApplication->processRequest()
#2 E:\apache\htdocs\freephoto\www.findlark.com\index-test.php(17): CApplication->run()
#3 {main} REQUEST_URI=/fancybox/fancy_shadow_se.png
2012/10/23 18:10:45 [error] [exception.CHttpException.404] exception 'CHttpException' with message 'Unable to resolve the request "fancybox/fancy_shadow_ne.png".' in E:\apache\htdocs\freephoto\framework\web\CWebApplication.php:281
Stack trace:
#0 E:\apache\htdocs\freephoto\framework\web\CWebApplication.php(136): CWebApplication->runController('fancybox/fancy_...')
#1 E:\apache\htdocs\freephoto\framework\base\CApplication.php(158): CWebApplication->processRequest()
#2 E:\apache\htdocs\freephoto\www.findlark.com\index-test.php(17): CApplication->run()
#3 {main} REQUEST_URI=/fancybox/fancy_shadow_ne.png
2012/10/23 18:10:57 [error] [exception.CHttpException.404] exception 'CHttpException' with message 'Unable to resolve the request "fancybox/fancy_shadow_sw.png".' in E:\apache\htdocs\freephoto\framework\web\CWebApplication.php:281
Stack trace:
#0 E:\apache\htdocs\freephoto\framework\web\CWebApplication.php(136): CWebApplication->runController('fancybox/fancy_...')
#1 E:\apache\htdocs\freephoto\framework\base\CApplication.php(158): CWebApplication->processRequest()
#2 E:\apache\htdocs\freephoto\www.findlark.com\index-test.php(17): CApplication->run()
#3 {main} REQUEST_URI=/fancybox/fancy_shadow_sw.png
2012/10/23 18:10:57 [error] [exception.CHttpException.404] exception 'CHttpException' with message 'Unable to resolve the request "fancybox/fancy_shadow_nw.png".' in E:\apache\htdocs\freephoto\framework\web\CWebApplication.php:281
Stack trace:
#0 E:\apache\htdocs\freephoto\framework\web\CWebApplication.php(136): CWebApplication->runController('fancybox/fancy_...')
#1 E:\apache\htdocs\freephoto\framework\base\CApplication.php(158): CWebApplication->processRequest()
#2 E:\apache\htdocs\freephoto\www.findlark.com\index-test.php(17): CApplication->run()
#3 {main} REQUEST_URI=/fancybox/fancy_shadow_nw.png
2012/10/23 18:10:57 [error] [exception.CHttpException.404] exception 'CHttpException' with message 'Unable to resolve the request "fancybox/fancy_shadow_s.png".' in E:\apache\htdocs\freephoto\framework\web\CWebApplication.php:281
Stack trace:
#0 E:\apache\htdocs\freephoto\framework\web\CWebApplication.php(136): CWebApplication->runController('fancybox/fancy_...')
#1 E:\apache\htdocs\freephoto\framework\base\CApplication.php(158): CWebApplication->processRequest()
#2 E:\apache\htdocs\freephoto\www.findlark.com\index-test.php(17): CApplication->run()
#3 {main} REQUEST_URI=/fancybox/fancy_shadow_s.png
2012/10/23 18:10:57 [error] [exception.CHttpException.404] exception 'CHttpException' with message 'Unable to resolve the request "fancybox/fancy_shadow_w.png".' in E:\apache\htdocs\freephoto\framework\web\CWebApplication.php:281
Stack trace:
#0 E:\apache\htdocs\freephoto\framework\web\CWebApplication.php(136): CWebApplication->runController('fancybox/fancy_...')
#1 E:\apache\htdocs\freephoto\framework\base\CApplication.php(158): CWebApplication->processRequest()
#2 E:\apache\htdocs\freephoto\www.findlark.com\index-test.php(17): CApplication->run()
#3 {main} REQUEST_URI=/fancybox/fancy_shadow_w.png
2012/10/23 18:10:57 [error] [exception.CHttpException.404] exception 'CHttpException' with message 'Unable to resolve the request "fancybox/fancy_shadow_se.png".' in E:\apache\htdocs\freephoto\framework\web\CWebApplication.php:281
Stack trace:
#0 E:\apache\htdocs\freephoto\framework\web\CWebApplication.php(136): CWebApplication->runController('fancybox/fancy_...')
#1 E:\apache\htdocs\freephoto\framework\base\CApplication.php(158): CWebApplication->processRequest()
#2 E:\apache\htdocs\freephoto\www.findlark.com\index-test.php(17): CApplication->run()
#3 {main} REQUEST_URI=/fancybox/fancy_shadow_se.png
2012/10/23 18:10:57 [error] [exception.CHttpException.404] exception 'CHttpException' with message 'Unable to resolve the request "fancybox/fancy_shadow_e.png".' in E:\apache\htdocs\freephoto\framework\web\CWebApplication.php:281
Stack trace:
#0 E:\apache\htdocs\freephoto\framework\web\CWebApplication.php(136): CWebApplication->runController('fancybox/fancy_...')
#1 E:\apache\htdocs\freephoto\framework\base\CApplication.php(158): CWebApplication->processRequest()
#2 E:\apache\htdocs\freephoto\www.findlark.com\index-test.php(17): CApplication->run()
#3 {main} REQUEST_URI=/fancybox/fancy_shadow_e.png
2012/10/23 18:10:57 [error] [exception.CHttpException.404] exception 'CHttpException' with message 'Unable to resolve the request "fancybox/fancy_shadow_ne.png".' in E:\apache\htdocs\freephoto\framework\web\CWebApplication.php:281
Stack trace:
#0 E:\apache\htdocs\freephoto\framework\web\CWebApplication.php(136): CWebApplication->runController('fancybox/fancy_...')
#1 E:\apache\htdocs\freephoto\framework\base\CApplication.php(158): CWebApplication->processRequest()
#2 E:\apache\htdocs\freephoto\www.findlark.com\index-test.php(17): CApplication->run()
#3 {main} REQUEST_URI=/fancybox/fancy_shadow_ne.png
2012/10/23 18:10:57 [error] [exception.CHttpException.404] exception 'CHttpException' with message 'Unable to resolve the request "fancybox/fancy_shadow_n.png".' in E:\apache\htdocs\freephoto\framework\web\CWebApplication.php:281
Stack trace:
#0 E:\apache\htdocs\freephoto\framework\web\CWebApplication.php(136): CWebApplication->runController('fancybox/fancy_...')
#1 E:\apache\htdocs\freephoto\framework\base\CApplication.php(158): CWebApplication->processRequest()
#2 E:\apache\htdocs\freephoto\www.findlark.com\index-test.php(17): CApplication->run()
#3 {main} REQUEST_URI=/fancybox/fancy_shadow_n.png
2012/10/23 18:11:45 [error] [exception.CHttpException.404] exception 'CHttpException' with message 'Unable to resolve the request "fancybox/fancy_shadow_nw.png".' in E:\apache\htdocs\freephoto\framework\web\CWebApplication.php:281
Stack trace:
#0 E:\apache\htdocs\freephoto\framework\web\CWebApplication.php(136): CWebApplication->runController('fancybox/fancy_...')
#1 E:\apache\htdocs\freephoto\framework\base\CApplication.php(158): CWebApplication->processRequest()
#2 E:\apache\htdocs\freephoto\www.findlark.com\index-test.php(17): CApplication->run()
#3 {main} REQUEST_URI=/fancybox/fancy_shadow_nw.png
2012/10/23 18:11:45 [error] [exception.CHttpException.404] exception 'CHttpException' with message 'Unable to resolve the request "fancybox/fancy_shadow_sw.png".' in E:\apache\htdocs\freephoto\framework\web\CWebApplication.php:281
Stack trace:
#0 E:\apache\htdocs\freephoto\framework\web\CWebApplication.php(136): CWebApplication->runController('fancybox/fancy_...')
#1 E:\apache\htdocs\freephoto\framework\base\CApplication.php(158): CWebApplication->processRequest()
#2 E:\apache\htdocs\freephoto\www.findlark.com\index-test.php(17): CApplication->run()
#3 {main} REQUEST_URI=/fancybox/fancy_shadow_sw.png
2012/10/23 18:11:45 [error] [exception.CHttpException.404] exception 'CHttpException' with message 'Unable to resolve the request "fancybox/fancy_shadow_s.png".' in E:\apache\htdocs\freephoto\framework\web\CWebApplication.php:281
Stack trace:
#0 E:\apache\htdocs\freephoto\framework\web\CWebApplication.php(136): CWebApplication->runController('fancybox/fancy_...')
#1 E:\apache\htdocs\freephoto\framework\base\CApplication.php(158): CWebApplication->processRequest()
#2 E:\apache\htdocs\freephoto\www.findlark.com\index-test.php(17): CApplication->run()
#3 {main} REQUEST_URI=/fancybox/fancy_shadow_s.png
2012/10/23 18:11:45 [error] [exception.CHttpException.404] exception 'CHttpException' with message 'Unable to resolve the request "fancybox/fancy_shadow_se.png".' in E:\apache\htdocs\freephoto\framework\web\CWebApplication.php:281
Stack trace:
#0 E:\apache\htdocs\freephoto\framework\web\CWebApplication.php(136): CWebApplication->runController('fancybox/fancy_...')
#1 E:\apache\htdocs\freephoto\framework\base\CApplication.php(158): CWebApplication->processRequest()
#2 E:\apache\htdocs\freephoto\www.findlark.com\index-test.php(17): CApplication->run()
#3 {main} REQUEST_URI=/fancybox/fancy_shadow_se.png
2012/10/23 18:11:45 [error] [exception.CHttpException.404] exception 'CHttpException' with message 'Unable to resolve the request "fancybox/fancy_shadow_w.png".' in E:\apache\htdocs\freephoto\framework\web\CWebApplication.php:281
Stack trace:
#0 E:\apache\htdocs\freephoto\framework\web\CWebApplication.php(136): CWebApplication->runController('fancybox/fancy_...')
#1 E:\apache\htdocs\freephoto\framework\base\CApplication.php(158): CWebApplication->processRequest()
#2 E:\apache\htdocs\freephoto\www.findlark.com\index-test.php(17): CApplication->run()
#3 {main} REQUEST_URI=/fancybox/fancy_shadow_w.png
2012/10/23 18:11:45 [error] [exception.CHttpException.404] exception 'CHttpException' with message 'Unable to resolve the request "fancybox/fancy_shadow_ne.png".' in E:\apache\htdocs\freephoto\framework\web\CWebApplication.php:281
Stack trace:
#0 E:\apache\htdocs\freephoto\framework\web\CWebApplication.php(136): CWebApplication->runController('fancybox/fancy_...')
#1 E:\apache\htdocs\freephoto\framework\base\CApplication.php(158): CWebApplication->processRequest()
#2 E:\apache\htdocs\freephoto\www.findlark.com\index-test.php(17): CApplication->run()
#3 {main} REQUEST_URI=/fancybox/fancy_shadow_ne.png
2012/10/23 18:11:45 [error] [exception.CHttpException.404] exception 'CHttpException' with message 'Unable to resolve the request "fancybox/fancy_shadow_e.png".' in E:\apache\htdocs\freephoto\framework\web\CWebApplication.php:281
Stack trace:
#0 E:\apache\htdocs\freephoto\framework\web\CWebApplication.php(136): CWebApplication->runController('fancybox/fancy_...')
#1 E:\apache\htdocs\freephoto\framework\base\CApplication.php(158): CWebApplication->processRequest()
#2 E:\apache\htdocs\freephoto\www.findlark.com\index-test.php(17): CApplication->run()
#3 {main} REQUEST_URI=/fancybox/fancy_shadow_e.png
2012/10/23 18:11:45 [error] [exception.CHttpException.404] exception 'CHttpException' with message 'Unable to resolve the request "fancybox/fancy_shadow_n.png".' in E:\apache\htdocs\freephoto\framework\web\CWebApplication.php:281
Stack trace:
#0 E:\apache\htdocs\freephoto\framework\web\CWebApplication.php(136): CWebApplication->runController('fancybox/fancy_...')
#1 E:\apache\htdocs\freephoto\framework\base\CApplication.php(158): CWebApplication->processRequest()
#2 E:\apache\htdocs\freephoto\www.findlark.com\index-test.php(17): CApplication->run()
#3 {main} REQUEST_URI=/fancybox/fancy_shadow_n.png
2012/10/23 18:11:46 [error] [exception.CHttpException.404] exception 'CHttpException' with message 'Unable to resolve the request "fancybox/fancy_shadow_nw.png".' in E:\apache\htdocs\freephoto\framework\web\CWebApplication.php:281
Stack trace:
#0 E:\apache\htdocs\freephoto\framework\web\CWebApplication.php(136): CWebApplication->runController('fancybox/fancy_...')
#1 E:\apache\htdocs\freephoto\framework\base\CApplication.php(158): CWebApplication->processRequest()
#2 E:\apache\htdocs\freephoto\www.findlark.com\index-test.php(17): CApplication->run()
#3 {main} REQUEST_URI=/fancybox/fancy_shadow_nw.png
2012/10/23 18:11:46 [error] [exception.CHttpException.404] exception 'CHttpException' with message 'Unable to resolve the request "fancybox/fancy_shadow_w.png".' in E:\apache\htdocs\freephoto\framework\web\CWebApplication.php:281
Stack trace:
#0 E:\apache\htdocs\freephoto\framework\web\CWebApplication.php(136): CWebApplication->runController('fancybox/fancy_...')
#1 E:\apache\htdocs\freephoto\framework\base\CApplication.php(158): CWebApplication->processRequest()
#2 E:\apache\htdocs\freephoto\www.findlark.com\index-test.php(17): CApplication->run()
#3 {main} REQUEST_URI=/fancybox/fancy_shadow_w.png
2012/10/23 18:11:46 [error] [exception.CHttpException.404] exception 'CHttpException' with message 'Unable to resolve the request "fancybox/fancy_shadow_se.png".' in E:\apache\htdocs\freephoto\framework\web\CWebApplication.php:281
Stack trace:
#0 E:\apache\htdocs\freephoto\framework\web\CWebApplication.php(136): CWebApplication->runController('fancybox/fancy_...')
#1 E:\apache\htdocs\freephoto\framework\base\CApplication.php(158): CWebApplication->processRequest()
#2 E:\apache\htdocs\freephoto\www.findlark.com\index-test.php(17): CApplication->run()
#3 {main} REQUEST_URI=/fancybox/fancy_shadow_se.png
2012/10/23 18:11:46 [error] [exception.CHttpException.404] exception 'CHttpException' with message 'Unable to resolve the request "fancybox/fancy_shadow_e.png".' in E:\apache\htdocs\freephoto\framework\web\CWebApplication.php:281
Stack trace:
#0 E:\apache\htdocs\freephoto\framework\web\CWebApplication.php(136): CWebApplication->runController('fancybox/fancy_...')
#1 E:\apache\htdocs\freephoto\framework\base\CApplication.php(158): CWebApplication->processRequest()
#2 E:\apache\htdocs\freephoto\www.findlark.com\index-test.php(17): CApplication->run()
#3 {main} REQUEST_URI=/fancybox/fancy_shadow_e.png
2012/10/23 18:11:46 [error] [exception.CHttpException.404] exception 'CHttpException' with message 'Unable to resolve the request "fancybox/fancy_shadow_n.png".' in E:\apache\htdocs\freephoto\framework\web\CWebApplication.php:281
Stack trace:
#0 E:\apache\htdocs\freephoto\framework\web\CWebApplication.php(136): CWebApplication->runController('fancybox/fancy_...')
#1 E:\apache\htdocs\freephoto\framework\base\CApplication.php(158): CWebApplication->processRequest()
#2 E:\apache\htdocs\freephoto\www.findlark.com\index-test.php(17): CApplication->run()
#3 {main} REQUEST_URI=/fancybox/fancy_shadow_n.png
2012/10/23 18:11:46 [error] [exception.CHttpException.404] exception 'CHttpException' with message 'Unable to resolve the request "fancybox/fancy_shadow_s.png".' in E:\apache\htdocs\freephoto\framework\web\CWebApplication.php:281
Stack trace:
#0 E:\apache\htdocs\freephoto\framework\web\CWebApplication.php(136): CWebApplication->runController('fancybox/fancy_...')
#1 E:\apache\htdocs\freephoto\framework\base\CApplication.php(158): CWebApplication->processRequest()
#2 E:\apache\htdocs\freephoto\www.findlark.com\index-test.php(17): CApplication->run()
#3 {main} REQUEST_URI=/fancybox/fancy_shadow_s.png
2012/10/23 18:11:46 [error] [exception.CHttpException.404] exception 'CHttpException' with message 'Unable to resolve the request "fancybox/fancy_shadow_ne.png".' in E:\apache\htdocs\freephoto\framework\web\CWebApplication.php:281
Stack trace:
#0 E:\apache\htdocs\freephoto\framework\web\CWebApplication.php(136): CWebApplication->runController('fancybox/fancy_...')
#1 E:\apache\htdocs\freephoto\framework\base\CApplication.php(158): CWebApplication->processRequest()
#2 E:\apache\htdocs\freephoto\www.findlark.com\index-test.php(17): CApplication->run()
#3 {main} REQUEST_URI=/fancybox/fancy_shadow_ne.png
2012/10/23 18:11:46 [error] [exception.CHttpException.404] exception 'CHttpException' with message 'Unable to resolve the request "fancybox/fancy_shadow_sw.png".' in E:\apache\htdocs\freephoto\framework\web\CWebApplication.php:281
Stack trace:
#0 E:\apache\htdocs\freephoto\framework\web\CWebApplication.php(136): CWebApplication->runController('fancybox/fancy_...')
#1 E:\apache\htdocs\freephoto\framework\base\CApplication.php(158): CWebApplication->processRequest()
#2 E:\apache\htdocs\freephoto\www.findlark.com\index-test.php(17): CApplication->run()
#3 {main} REQUEST_URI=/fancybox/fancy_shadow_sw.png
2012/10/23 18:14:49 [error] [exception.CHttpException.404] exception 'CHttpException' with message 'Unable to resolve the request "fancybox/fancy_shadow_s.png".' in E:\apache\htdocs\freephoto\framework\web\CWebApplication.php:281
Stack trace:
#0 E:\apache\htdocs\freephoto\framework\web\CWebApplication.php(136): CWebApplication->runController('fancybox/fancy_...')
#1 E:\apache\htdocs\freephoto\framework\base\CApplication.php(158): CWebApplication->processRequest()
#2 E:\apache\htdocs\freephoto\www.findlark.com\index-test.php(17): CApplication->run()
#3 {main} REQUEST_URI=/fancybox/fancy_shadow_s.png
2012/10/23 18:14:49 [error] [exception.CHttpException.404] exception 'CHttpException' with message 'Unable to resolve the request "fancybox/fancy_shadow_sw.png".' in E:\apache\htdocs\freephoto\framework\web\CWebApplication.php:281
Stack trace:
#0 E:\apache\htdocs\freephoto\framework\web\CWebApplication.php(136): CWebApplication->runController('fancybox/fancy_...')
#1 E:\apache\htdocs\freephoto\framework\base\CApplication.php(158): CWebApplication->processRequest()
#2 E:\apache\htdocs\freephoto\www.findlark.com\index-test.php(17): CApplication->run()
#3 {main} REQUEST_URI=/fancybox/fancy_shadow_sw.png
2012/10/23 18:14:49 [error] [exception.CHttpException.404] exception 'CHttpException' with message 'Unable to resolve the request "fancybox/fancy_shadow_se.png".' in E:\apache\htdocs\freephoto\framework\web\CWebApplication.php:281
Stack trace:
#0 E:\apache\htdocs\freephoto\framework\web\CWebApplication.php(136): CWebApplication->runController('fancybox/fancy_...')
#1 E:\apache\htdocs\freephoto\framework\base\CApplication.php(158): CWebApplication->processRequest()
#2 E:\apache\htdocs\freephoto\www.findlark.com\index-test.php(17): CApplication->run()
#3 {main} REQUEST_URI=/fancybox/fancy_shadow_se.png
2012/10/23 18:14:49 [error] [exception.CHttpException.404] exception 'CHttpException' with message 'Unable to resolve the request "fancybox/fancy_shadow_ne.png".' in E:\apache\htdocs\freephoto\framework\web\CWebApplication.php:281
Stack trace:
#0 E:\apache\htdocs\freephoto\framework\web\CWebApplication.php(136): CWebApplication->runController('fancybox/fancy_...')
#1 E:\apache\htdocs\freephoto\framework\base\CApplication.php(158): CWebApplication->processRequest()
#2 E:\apache\htdocs\freephoto\www.findlark.com\index-test.php(17): CApplication->run()
#3 {main} REQUEST_URI=/fancybox/fancy_shadow_ne.png
2012/10/23 18:14:49 [error] [exception.CHttpException.404] exception 'CHttpException' with message 'Unable to resolve the request "fancybox/fancy_shadow_e.png".' in E:\apache\htdocs\freephoto\framework\web\CWebApplication.php:281
Stack trace:
#0 E:\apache\htdocs\freephoto\framework\web\CWebApplication.php(136): CWebApplication->runController('fancybox/fancy_...')
#1 E:\apache\htdocs\freephoto\framework\base\CApplication.php(158): CWebApplication->processRequest()
#2 E:\apache\htdocs\freephoto\www.findlark.com\index-test.php(17): CApplication->run()
#3 {main} REQUEST_URI=/fancybox/fancy_shadow_e.png
2012/10/23 18:14:49 [error] [exception.CHttpException.404] exception 'CHttpException' with message 'Unable to resolve the request "fancybox/fancy_shadow_n.png".' in E:\apache\htdocs\freephoto\framework\web\CWebApplication.php:281
Stack trace:
#0 E:\apache\htdocs\freephoto\framework\web\CWebApplication.php(136): CWebApplication->runController('fancybox/fancy_...')
#1 E:\apache\htdocs\freephoto\framework\base\CApplication.php(158): CWebApplication->processRequest()
#2 E:\apache\htdocs\freephoto\www.findlark.com\index-test.php(17): CApplication->run()
#3 {main} REQUEST_URI=/fancybox/fancy_shadow_n.png
2012/10/23 18:14:49 [error] [exception.CHttpException.404] exception 'CHttpException' with message 'Unable to resolve the request "fancybox/fancy_shadow_w.png".' in E:\apache\htdocs\freephoto\framework\web\CWebApplication.php:281
Stack trace:
#0 E:\apache\htdocs\freephoto\framework\web\CWebApplication.php(136): CWebApplication->runController('fancybox/fancy_...')
#1 E:\apache\htdocs\freephoto\framework\base\CApplication.php(158): CWebApplication->processRequest()
#2 E:\apache\htdocs\freephoto\www.findlark.com\index-test.php(17): CApplication->run()
#3 {main} REQUEST_URI=/fancybox/fancy_shadow_w.png
2012/10/23 18:14:50 [error] [exception.CHttpException.404] exception 'CHttpException' with message 'Unable to resolve the request "fancybox/fancy_shadow_nw.png".' in E:\apache\htdocs\freephoto\framework\web\CWebApplication.php:281
Stack trace:
#0 E:\apache\htdocs\freephoto\framework\web\CWebApplication.php(136): CWebApplication->runController('fancybox/fancy_...')
#1 E:\apache\htdocs\freephoto\framework\base\CApplication.php(158): CWebApplication->processRequest()
#2 E:\apache\htdocs\freephoto\www.findlark.com\index-test.php(17): CApplication->run()
#3 {main} REQUEST_URI=/fancybox/fancy_shadow_nw.png
2012/10/23 18:14:53 [error] [exception.CHttpException.404] exception 'CHttpException' with message 'Unable to resolve the request "fancybox/fancy_shadow_nw.png".' in E:\apache\htdocs\freephoto\framework\web\CWebApplication.php:281
Stack trace:
#0 E:\apache\htdocs\freephoto\framework\web\CWebApplication.php(136): CWebApplication->runController('fancybox/fancy_...')
#1 E:\apache\htdocs\freephoto\framework\base\CApplication.php(158): CWebApplication->processRequest()
#2 E:\apache\htdocs\freephoto\www.findlark.com\index-test.php(17): CApplication->run()
#3 {main} REQUEST_URI=/fancybox/fancy_shadow_nw.png
2012/10/23 18:14:53 [error] [exception.CHttpException.404] exception 'CHttpException' with message 'Unable to resolve the request "fancybox/fancy_shadow_w.png".' in E:\apache\htdocs\freephoto\framework\web\CWebApplication.php:281
Stack trace:
#0 E:\apache\htdocs\freephoto\framework\web\CWebApplication.php(136): CWebApplication->runController('fancybox/fancy_...')
#1 E:\apache\htdocs\freephoto\framework\base\CApplication.php(158): CWebApplication->processRequest()
#2 E:\apache\htdocs\freephoto\www.findlark.com\index-test.php(17): CApplication->run()
#3 {main} REQUEST_URI=/fancybox/fancy_shadow_w.png
2012/10/23 18:14:53 [error] [exception.CHttpException.404] exception 'CHttpException' with message 'Unable to resolve the request "fancybox/fancy_shadow_s.png".' in E:\apache\htdocs\freephoto\framework\web\CWebApplication.php:281
Stack trace:
#0 E:\apache\htdocs\freephoto\framework\web\CWebApplication.php(136): CWebApplication->runController('fancybox/fancy_...')
#1 E:\apache\htdocs\freephoto\framework\base\CApplication.php(158): CWebApplication->processRequest()
#2 E:\apache\htdocs\freephoto\www.findlark.com\index-test.php(17): CApplication->run()
#3 {main} REQUEST_URI=/fancybox/fancy_shadow_s.png
2012/10/23 18:14:53 [error] [exception.CHttpException.404] exception 'CHttpException' with message 'Unable to resolve the request "fancybox/fancy_shadow_sw.png".' in E:\apache\htdocs\freephoto\framework\web\CWebApplication.php:281
Stack trace:
#0 E:\apache\htdocs\freephoto\framework\web\CWebApplication.php(136): CWebApplication->runController('fancybox/fancy_...')
#1 E:\apache\htdocs\freephoto\framework\base\CApplication.php(158): CWebApplication->processRequest()
#2 E:\apache\htdocs\freephoto\www.findlark.com\index-test.php(17): CApplication->run()
#3 {main} REQUEST_URI=/fancybox/fancy_shadow_sw.png
2012/10/23 18:14:53 [error] [exception.CHttpException.404] exception 'CHttpException' with message 'Unable to resolve the request "fancybox/fancy_shadow_se.png".' in E:\apache\htdocs\freephoto\framework\web\CWebApplication.php:281
Stack trace:
#0 E:\apache\htdocs\freephoto\framework\web\CWebApplication.php(136): CWebApplication->runController('fancybox/fancy_...')
#1 E:\apache\htdocs\freephoto\framework\base\CApplication.php(158): CWebApplication->processRequest()
#2 E:\apache\htdocs\freephoto\www.findlark.com\index-test.php(17): CApplication->run()
#3 {main} REQUEST_URI=/fancybox/fancy_shadow_se.png
2012/10/23 18:14:53 [error] [exception.CHttpException.404] exception 'CHttpException' with message 'Unable to resolve the request "fancybox/fancy_shadow_e.png".' in E:\apache\htdocs\freephoto\framework\web\CWebApplication.php:281
Stack trace:
#0 E:\apache\htdocs\freephoto\framework\web\CWebApplication.php(136): CWebApplication->runController('fancybox/fancy_...')
#1 E:\apache\htdocs\freephoto\framework\base\CApplication.php(158): CWebApplication->processRequest()
#2 E:\apache\htdocs\freephoto\www.findlark.com\index-test.php(17): CApplication->run()
#3 {main} REQUEST_URI=/fancybox/fancy_shadow_e.png
2012/10/23 18:14:53 [error] [exception.CHttpException.404] exception 'CHttpException' with message 'Unable to resolve the request "fancybox/fancy_shadow_ne.png".' in E:\apache\htdocs\freephoto\framework\web\CWebApplication.php:281
Stack trace:
#0 E:\apache\htdocs\freephoto\framework\web\CWebApplication.php(136): CWebApplication->runController('fancybox/fancy_...')
#1 E:\apache\htdocs\freephoto\framework\base\CApplication.php(158): CWebApplication->processRequest()
#2 E:\apache\htdocs\freephoto\www.findlark.com\index-test.php(17): CApplication->run()
#3 {main} REQUEST_URI=/fancybox/fancy_shadow_ne.png
2012/10/23 18:14:53 [error] [exception.CHttpException.404] exception 'CHttpException' with message 'Unable to resolve the request "fancybox/fancy_shadow_n.png".' in E:\apache\htdocs\freephoto\framework\web\CWebApplication.php:281
Stack trace:
#0 E:\apache\htdocs\freephoto\framework\web\CWebApplication.php(136): CWebApplication->runController('fancybox/fancy_...')
#1 E:\apache\htdocs\freephoto\framework\base\CApplication.php(158): CWebApplication->processRequest()
#2 E:\apache\htdocs\freephoto\www.findlark.com\index-test.php(17): CApplication->run()
#3 {main} REQUEST_URI=/fancybox/fancy_shadow_n.png
2012/10/23 18:14:54 [error] [exception.CHttpException.404] exception 'CHttpException' with message 'Unable to resolve the request "fancybox/fancy_shadow_nw.png".' in E:\apache\htdocs\freephoto\framework\web\CWebApplication.php:281
Stack trace:
#0 E:\apache\htdocs\freephoto\framework\web\CWebApplication.php(136): CWebApplication->runController('fancybox/fancy_...')
#1 E:\apache\htdocs\freephoto\framework\base\CApplication.php(158): CWebApplication->processRequest()
#2 E:\apache\htdocs\freephoto\www.findlark.com\index-test.php(17): CApplication->run()
#3 {main} REQUEST_URI=/fancybox/fancy_shadow_nw.png
2012/10/23 18:14:54 [error] [exception.CHttpException.404] exception 'CHttpException' with message 'Unable to resolve the request "fancybox/fancy_shadow_sw.png".' in E:\apache\htdocs\freephoto\framework\web\CWebApplication.php:281
Stack trace:
#0 E:\apache\htdocs\freephoto\framework\web\CWebApplication.php(136): CWebApplication->runController('fancybox/fancy_...')
#1 E:\apache\htdocs\freephoto\framework\base\CApplication.php(158): CWebApplication->processRequest()
#2 E:\apache\htdocs\freephoto\www.findlark.com\index-test.php(17): CApplication->run()
#3 {main} REQUEST_URI=/fancybox/fancy_shadow_sw.png
2012/10/23 18:14:54 [error] [exception.CHttpException.404] exception 'CHttpException' with message 'Unable to resolve the request "fancybox/fancy_shadow_se.png".' in E:\apache\htdocs\freephoto\framework\web\CWebApplication.php:281
Stack trace:
#0 E:\apache\htdocs\freephoto\framework\web\CWebApplication.php(136): CWebApplication->runController('fancybox/fancy_...')
#1 E:\apache\htdocs\freephoto\framework\base\CApplication.php(158): CWebApplication->processRequest()
#2 E:\apache\htdocs\freephoto\www.findlark.com\index-test.php(17): CApplication->run()
#3 {main} REQUEST_URI=/fancybox/fancy_shadow_se.png
2012/10/23 18:14:54 [error] [exception.CHttpException.404] exception 'CHttpException' with message 'Unable to resolve the request "fancybox/fancy_shadow_w.png".' in E:\apache\htdocs\freephoto\framework\web\CWebApplication.php:281
Stack trace:
#0 E:\apache\htdocs\freephoto\framework\web\CWebApplication.php(136): CWebApplication->runController('fancybox/fancy_...')
#1 E:\apache\htdocs\freephoto\framework\base\CApplication.php(158): CWebApplication->processRequest()
#2 E:\apache\htdocs\freephoto\www.findlark.com\index-test.php(17): CApplication->run()
#3 {main} REQUEST_URI=/fancybox/fancy_shadow_w.png
2012/10/23 18:14:54 [error] [exception.CHttpException.404] exception 'CHttpException' with message 'Unable to resolve the request "fancybox/fancy_shadow_e.png".' in E:\apache\htdocs\freephoto\framework\web\CWebApplication.php:281
Stack trace:
#0 E:\apache\htdocs\freephoto\framework\web\CWebApplication.php(136): CWebApplication->runController('fancybox/fancy_...')
#1 E:\apache\htdocs\freephoto\framework\base\CApplication.php(158): CWebApplication->processRequest()
#2 E:\apache\htdocs\freephoto\www.findlark.com\index-test.php(17): CApplication->run()
#3 {main} REQUEST_URI=/fancybox/fancy_shadow_e.png
2012/10/23 18:14:54 [error] [exception.CHttpException.404] exception 'CHttpException' with message 'Unable to resolve the request "fancybox/fancy_shadow_s.png".' in E:\apache\htdocs\freephoto\framework\web\CWebApplication.php:281
Stack trace:
#0 E:\apache\htdocs\freephoto\framework\web\CWebApplication.php(136): CWebApplication->runController('fancybox/fancy_...')
#1 E:\apache\htdocs\freephoto\framework\base\CApplication.php(158): CWebApplication->processRequest()
#2 E:\apache\htdocs\freephoto\www.findlark.com\index-test.php(17): CApplication->run()
#3 {main} REQUEST_URI=/fancybox/fancy_shadow_s.png
2012/10/23 18:14:54 [error] [exception.CHttpException.404] exception 'CHttpException' with message 'Unable to resolve the request "fancybox/fancy_shadow_ne.png".' in E:\apache\htdocs\freephoto\framework\web\CWebApplication.php:281
Stack trace:
#0 E:\apache\htdocs\freephoto\framework\web\CWebApplication.php(136): CWebApplication->runController('fancybox/fancy_...')
#1 E:\apache\htdocs\freephoto\framework\base\CApplication.php(158): CWebApplication->processRequest()
#2 E:\apache\htdocs\freephoto\www.findlark.com\index-test.php(17): CApplication->run()
#3 {main} REQUEST_URI=/fancybox/fancy_shadow_ne.png
2012/10/23 18:14:54 [error] [exception.CHttpException.404] exception 'CHttpException' with message 'Unable to resolve the request "fancybox/fancy_shadow_n.png".' in E:\apache\htdocs\freephoto\framework\web\CWebApplication.php:281
Stack trace:
#0 E:\apache\htdocs\freephoto\framework\web\CWebApplication.php(136): CWebApplication->runController('fancybox/fancy_...')
#1 E:\apache\htdocs\freephoto\framework\base\CApplication.php(158): CWebApplication->processRequest()
#2 E:\apache\htdocs\freephoto\www.findlark.com\index-test.php(17): CApplication->run()
#3 {main} REQUEST_URI=/fancybox/fancy_shadow_n.png
2012/10/23 18:14:56 [error] [exception.CHttpException.404] exception 'CHttpException' with message 'Unable to resolve the request "fancybox/fancy_shadow_nw.png".' in E:\apache\htdocs\freephoto\framework\web\CWebApplication.php:281
Stack trace:
#0 E:\apache\htdocs\freephoto\framework\web\CWebApplication.php(136): CWebApplication->runController('fancybox/fancy_...')
#1 E:\apache\htdocs\freephoto\framework\base\CApplication.php(158): CWebApplication->processRequest()
#2 E:\apache\htdocs\freephoto\www.findlark.com\index-test.php(17): CApplication->run()
#3 {main} REQUEST_URI=/fancybox/fancy_shadow_nw.png
2012/10/23 18:14:56 [error] [exception.CHttpException.404] exception 'CHttpException' with message 'Unable to resolve the request "fancybox/fancy_shadow_sw.png".' in E:\apache\htdocs\freephoto\framework\web\CWebApplication.php:281
Stack trace:
#0 E:\apache\htdocs\freephoto\framework\web\CWebApplication.php(136): CWebApplication->runController('fancybox/fancy_...')
#1 E:\apache\htdocs\freephoto\framework\base\CApplication.php(158): CWebApplication->processRequest()
#2 E:\apache\htdocs\freephoto\www.findlark.com\index-test.php(17): CApplication->run()
#3 {main} REQUEST_URI=/fancybox/fancy_shadow_sw.png
2012/10/23 18:14:56 [error] [exception.CHttpException.404] exception 'CHttpException' with message 'Unable to resolve the request "fancybox/fancy_shadow_se.png".' in E:\apache\htdocs\freephoto\framework\web\CWebApplication.php:281
Stack trace:
#0 E:\apache\htdocs\freephoto\framework\web\CWebApplication.php(136): CWebApplication->runController('fancybox/fancy_...')
#1 E:\apache\htdocs\freephoto\framework\base\CApplication.php(158): CWebApplication->processRequest()
#2 E:\apache\htdocs\freephoto\www.findlark.com\index-test.php(17): CApplication->run()
#3 {main} REQUEST_URI=/fancybox/fancy_shadow_se.png
2012/10/23 18:14:56 [error] [exception.CHttpException.404] exception 'CHttpException' with message 'Unable to resolve the request "fancybox/fancy_shadow_e.png".' in E:\apache\htdocs\freephoto\framework\web\CWebApplication.php:281
Stack trace:
#0 E:\apache\htdocs\freephoto\framework\web\CWebApplication.php(136): CWebApplication->runController('fancybox/fancy_...')
#1 E:\apache\htdocs\freephoto\framework\base\CApplication.php(158): CWebApplication->processRequest()
#2 E:\apache\htdocs\freephoto\www.findlark.com\index-test.php(17): CApplication->run()
#3 {main} REQUEST_URI=/fancybox/fancy_shadow_e.png
2012/10/23 18:14:56 [error] [exception.CHttpException.404] exception 'CHttpException' with message 'Unable to resolve the request "fancybox/fancy_shadow_ne.png".' in E:\apache\htdocs\freephoto\framework\web\CWebApplication.php:281
Stack trace:
#0 E:\apache\htdocs\freephoto\framework\web\CWebApplication.php(136): CWebApplication->runController('fancybox/fancy_...')
#1 E:\apache\htdocs\freephoto\framework\base\CApplication.php(158): CWebApplication->processRequest()
#2 E:\apache\htdocs\freephoto\www.findlark.com\index-test.php(17): CApplication->run()
#3 {main} REQUEST_URI=/fancybox/fancy_shadow_ne.png
2012/10/23 18:14:56 [error] [exception.CHttpException.404] exception 'CHttpException' with message 'Unable to resolve the request "fancybox/fancy_shadow_s.png".' in E:\apache\htdocs\freephoto\framework\web\CWebApplication.php:281
Stack trace:
#0 E:\apache\htdocs\freephoto\framework\web\CWebApplication.php(136): CWebApplication->runController('fancybox/fancy_...')
#1 E:\apache\htdocs\freephoto\framework\base\CApplication.php(158): CWebApplication->processRequest()
#2 E:\apache\htdocs\freephoto\www.findlark.com\index-test.php(17): CApplication->run()
#3 {main} REQUEST_URI=/fancybox/fancy_shadow_s.png
2012/10/23 18:14:56 [error] [exception.CHttpException.404] exception 'CHttpException' with message 'Unable to resolve the request "fancybox/fancy_shadow_n.png".' in E:\apache\htdocs\freephoto\framework\web\CWebApplication.php:281
Stack trace:
#0 E:\apache\htdocs\freephoto\framework\web\CWebApplication.php(136): CWebApplication->runController('fancybox/fancy_...')
#1 E:\apache\htdocs\freephoto\framework\base\CApplication.php(158): CWebApplication->processRequest()
#2 E:\apache\htdocs\freephoto\www.findlark.com\index-test.php(17): CApplication->run()
#3 {main} REQUEST_URI=/fancybox/fancy_shadow_n.png
2012/10/23 18:14:56 [error] [exception.CHttpException.404] exception 'CHttpException' with message 'Unable to resolve the request "fancybox/fancy_shadow_w.png".' in E:\apache\htdocs\freephoto\framework\web\CWebApplication.php:281
Stack trace:
#0 E:\apache\htdocs\freephoto\framework\web\CWebApplication.php(136): CWebApplication->runController('fancybox/fancy_...')
#1 E:\apache\htdocs\freephoto\framework\base\CApplication.php(158): CWebApplication->processRequest()
#2 E:\apache\htdocs\freephoto\www.findlark.com\index-test.php(17): CApplication->run()
#3 {main} REQUEST_URI=/fancybox/fancy_shadow_w.png
2012/10/25 16:51:55 [error] [exception.CHttpException.404] exception 'CHttpException' with message 'The system is unable to find the requested action "1.html".' in E:\apache\htdocs\freephoto\framework\web\CController.php:477
Stack trace:
#0 E:\apache\htdocs\freephoto\framework\web\CController.php(262): CController->missingAction('1.html')
#1 E:\apache\htdocs\freephoto\framework\web\CWebApplication.php(277): CController->run('1.html')
#2 E:\apache\htdocs\freephoto\framework\web\CWebApplication.php(136): CWebApplication->runController('blog/1.html')
#3 E:\apache\htdocs\freephoto\framework\base\CApplication.php(158): CWebApplication->processRequest()
#4 E:\apache\htdocs\freephoto\www.findlark.com\index-test.php(17): CApplication->run()
#5 {main} REQUEST_URI=/blog/1.html
2012/10/25 16:51:59 [error] [exception.CHttpException.404] exception 'CHttpException' with message 'The system is unable to find the requested action "2.html".' in E:\apache\htdocs\freephoto\framework\web\CController.php:477
Stack trace:
#0 E:\apache\htdocs\freephoto\framework\web\CController.php(262): CController->missingAction('2.html')
#1 E:\apache\htdocs\freephoto\framework\web\CWebApplication.php(277): CController->run('2.html')
#2 E:\apache\htdocs\freephoto\framework\web\CWebApplication.php(136): CWebApplication->runController('blog/2.html')
#3 E:\apache\htdocs\freephoto\framework\base\CApplication.php(158): CWebApplication->processRequest()
#4 E:\apache\htdocs\freephoto\www.findlark.com\index-test.php(17): CApplication->run()
#5 {main} REQUEST_URI=/blog/2.html
2012/10/25 16:52:02 [error] [exception.CHttpException.404] exception 'CHttpException' with message 'The system is unable to find the requested action "2.html".' in E:\apache\htdocs\freephoto\framework\web\CController.php:477
Stack trace:
#0 E:\apache\htdocs\freephoto\framework\web\CController.php(262): CController->missingAction('2.html')
#1 E:\apache\htdocs\freephoto\framework\web\CWebApplication.php(277): CController->run('2.html')
#2 E:\apache\htdocs\freephoto\framework\web\CWebApplication.php(136): CWebApplication->runController('blog/2.html')
#3 E:\apache\htdocs\freephoto\framework\base\CApplication.php(158): CWebApplication->processRequest()
#4 E:\apache\htdocs\freephoto\www.findlark.com\index-test.php(17): CApplication->run()
#5 {main} REQUEST_URI=/blog/2.html
2012/10/25 16:59:11 [error] [system.db.CDbCommand] CDbCommand::fetchAll() failed: SQLSTATE[42S02]: Base table or view not found: 1146 Table 'yiiblog.lark_navol' doesn't exist. The SQL statement executed was: SHOW COLUMNS FROM `lark_navol`.
